{"/home/runner/work/taste-of-aloha/taste-of-aloha/apps/backend/src/config/database.js": {"path":"/home/runner/work/taste-of-aloha/taste-of-aloha/apps/backend/src/config/database.js","statementMap":{"0":{"start":{"line":1,"column":17},"end":{"line":1,"column":30}},"1":{"start":{"line":2,"column":0},"end":{"line":2,"column":27}},"2":{"start":{"line":8,"column":13},"end":{"line":11,"column":2}},"3":{"start":{"line":14,"column":0},"end":{"line":16,"column":3}},"4":{"start":{"line":15,"column":2},"end":{"line":15,"column":52}},"5":{"start":{"line":18,"column":0},"end":{"line":21,"column":3}},"6":{"start":{"line":19,"column":2},"end":{"line":19,"column":69}},"7":{"start":{"line":20,"column":2},"end":{"line":20,"column":19}},"8":{"start":{"line":29,"column":14},"end":{"line":31,"column":1}},"9":{"start":{"line":30,"column":2},"end":{"line":30,"column":34}},"10":{"start":{"line":37,"column":18},"end":{"line":39,"column":1}},"11":{"start":{"line":38,"column":2},"end":{"line":38,"column":24}},"12":{"start":{"line":41,"column":0},"end":{"line":45,"column":2}}},"fnMap":{"0":{"name":"(anonymous_0)","decl":{"start":{"line":14,"column":19},"end":{"line":14,"column":20}},"loc":{"start":{"line":14,"column":25},"end":{"line":16,"column":1}},"line":14},"1":{"name":"(anonymous_1)","decl":{"start":{"line":18,"column":17},"end":{"line":18,"column":18}},"loc":{"start":{"line":18,"column":26},"end":{"line":21,"column":1}},"line":18},"2":{"name":"(anonymous_2)","decl":{"start":{"line":29,"column":14},"end":{"line":29,"column":15}},"loc":{"start":{"line":29,"column":32},"end":{"line":31,"column":1}},"line":29},"3":{"name":"(anonymous_3)","decl":{"start":{"line":37,"column":18},"end":{"line":37,"column":19}},"loc":{"start":{"line":37,"column":24},"end":{"line":39,"column":1}},"line":37}},"branchMap":{"0":{"loc":{"start":{"line":10,"column":7},"end":{"line":10,"column":84}},"type":"cond-expr","locations":[{"start":{"line":10,"column":47},"end":{"line":10,"column":76}},{"start":{"line":10,"column":79},"end":{"line":10,"column":84}}],"line":10}},"s":{"0":1,"1":1,"2":1,"3":1,"4":0,"5":1,"6":0,"7":0,"8":1,"9":0,"10":1,"11":0,"12":1},"f":{"0":0,"1":0,"2":0,"3":0},"b":{"0":[0,1]},"_coverageSchema":"1a1c01bbd47fc00a2c39e90264f33305004495a9","hash":"b28b69882a029ca785e4fa6bf7a5b0bf4e0a24f3"}
,"/home/runner/work/taste-of-aloha/taste-of-aloha/apps/backend/src/controllers/snackController.js": {"path":"/home/runner/work/taste-of-aloha/taste-of-aloha/apps/backend/src/controllers/snackController.js","statementMap":{"0":{"start":{"line":1,"column":14},"end":{"line":1,"column":45}},"1":{"start":{"line":3,"column":0},"end":{"line":11,"column":2}},"2":{"start":{"line":4,"column":2},"end":{"line":10,"column":3}},"3":{"start":{"line":5,"column":19},"end":{"line":5,"column":39}},"4":{"start":{"line":6,"column":4},"end":{"line":6,"column":21}},"5":{"start":{"line":8,"column":4},"end":{"line":8,"column":51}},"6":{"start":{"line":9,"column":4},"end":{"line":9,"column":85}},"7":{"start":{"line":13,"column":0},"end":{"line":23,"column":2}},"8":{"start":{"line":14,"column":2},"end":{"line":22,"column":3}},"9":{"start":{"line":15,"column":15},"end":{"line":15,"column":38}},"10":{"start":{"line":16,"column":18},"end":{"line":16,"column":41}},"11":{"start":{"line":17,"column":4},"end":{"line":17,"column":76}},"12":{"start":{"line":17,"column":16},"end":{"line":17,"column":76}},"13":{"start":{"line":18,"column":4},"end":{"line":18,"column":20}},"14":{"start":{"line":20,"column":4},"end":{"line":20,"column":50}},"15":{"start":{"line":21,"column":4},"end":{"line":21,"column":84}},"16":{"start":{"line":25,"column":0},"end":{"line":33,"column":2}},"17":{"start":{"line":26,"column":2},"end":{"line":32,"column":3}},"18":{"start":{"line":27,"column":21},"end":{"line":27,"column":49}},"19":{"start":{"line":28,"column":4},"end":{"line":28,"column":35}},"20":{"start":{"line":30,"column":4},"end":{"line":30,"column":50}},"21":{"start":{"line":31,"column":4},"end":{"line":31,"column":84}},"22":{"start":{"line":35,"column":0},"end":{"line":45,"column":2}},"23":{"start":{"line":36,"column":2},"end":{"line":44,"column":3}},"24":{"start":{"line":37,"column":15},"end":{"line":37,"column":38}},"25":{"start":{"line":38,"column":25},"end":{"line":38,"column":61}},"26":{"start":{"line":39,"column":4},"end":{"line":39,"column":83}},"27":{"start":{"line":39,"column":23},"end":{"line":39,"column":83}},"28":{"start":{"line":40,"column":4},"end":{"line":40,"column":27}},"29":{"start":{"line":42,"column":4},"end":{"line":42,"column":50}},"30":{"start":{"line":43,"column":4},"end":{"line":43,"column":84}},"31":{"start":{"line":47,"column":0},"end":{"line":57,"column":2}},"32":{"start":{"line":48,"column":2},"end":{"line":56,"column":3}},"33":{"start":{"line":49,"column":15},"end":{"line":49,"column":38}},"34":{"start":{"line":50,"column":20},"end":{"line":50,"column":46}},"35":{"start":{"line":51,"column":4},"end":{"line":51,"column":78}},"36":{"start":{"line":51,"column":18},"end":{"line":51,"column":78}},"37":{"start":{"line":52,"column":4},"end":{"line":52,"column":43}},"38":{"start":{"line":54,"column":4},"end":{"line":54,"column":50}},"39":{"start":{"line":55,"column":4},"end":{"line":55,"column":84}}},"fnMap":{"0":{"name":"(anonymous_0)","decl":{"start":{"line":3,"column":23},"end":{"line":3,"column":24}},"loc":{"start":{"line":3,"column":43},"end":{"line":11,"column":1}},"line":3},"1":{"name":"(anonymous_1)","decl":{"start":{"line":13,"column":23},"end":{"line":13,"column":24}},"loc":{"start":{"line":13,"column":43},"end":{"line":23,"column":1}},"line":13},"2":{"name":"(anonymous_2)","decl":{"start":{"line":25,"column":22},"end":{"line":25,"column":23}},"loc":{"start":{"line":25,"column":42},"end":{"line":33,"column":1}},"line":25},"3":{"name":"(anonymous_3)","decl":{"start":{"line":35,"column":22},"end":{"line":35,"column":23}},"loc":{"start":{"line":35,"column":42},"end":{"line":45,"column":1}},"line":35},"4":{"name":"(anonymous_4)","decl":{"start":{"line":47,"column":22},"end":{"line":47,"column":23}},"loc":{"start":{"line":47,"column":42},"end":{"line":57,"column":1}},"line":47}},"branchMap":{"0":{"loc":{"start":{"line":17,"column":4},"end":{"line":17,"column":76}},"type":"if","locations":[{"start":{"line":17,"column":4},"end":{"line":17,"column":76}},{"start":{},"end":{}}],"line":17},"1":{"loc":{"start":{"line":39,"column":4},"end":{"line":39,"column":83}},"type":"if","locations":[{"start":{"line":39,"column":4},"end":{"line":39,"column":83}},{"start":{},"end":{}}],"line":39},"2":{"loc":{"start":{"line":51,"column":4},"end":{"line":51,"column":78}},"type":"if","locations":[{"start":{"line":51,"column":4},"end":{"line":51,"column":78}},{"start":{},"end":{}}],"line":51}},"s":{"0":1,"1":1,"2":2,"3":2,"4":1,"5":1,"6":1,"7":1,"8":2,"9":2,"10":2,"11":2,"12":1,"13":1,"14":0,"15":0,"16":1,"17":2,"18":2,"19":1,"20":1,"21":1,"22":1,"23":2,"24":2,"25":2,"26":2,"27":1,"28":1,"29":0,"30":0,"31":1,"32":2,"33":2,"34":2,"35":2,"36":1,"37":1,"38":0,"39":0},"f":{"0":2,"1":2,"2":2,"3":2,"4":2},"b":{"0":[1,1],"1":[1,1],"2":[1,1]},"_coverageSchema":"1a1c01bbd47fc00a2c39e90264f33305004495a9","hash":"5553c7407423b5fc82fa0111d2c20c869cbadef4"}
,"/home/runner/work/taste-of-aloha/taste-of-aloha/apps/backend/src/models/snackModel.js": {"path":"/home/runner/work/taste-of-aloha/taste-of-aloha/apps/backend/src/models/snackModel.js","statementMap":{"0":{"start":{"line":1,"column":11},"end":{"line":1,"column":40}},"1":{"start":{"line":7,"column":0},"end":{"line":10,"column":2}},"2":{"start":{"line":8,"column":17},"end":{"line":8,"column":67}},"3":{"start":{"line":9,"column":2},"end":{"line":9,"column":21}},"4":{"start":{"line":17,"column":0},"end":{"line":20,"column":2}},"5":{"start":{"line":18,"column":17},"end":{"line":18,"column":75}},"6":{"start":{"line":19,"column":2},"end":{"line":19,"column":32}},"7":{"start":{"line":27,"column":0},"end":{"line":36,"column":2}},"8":{"start":{"line":28,"column":71},"end":{"line":28,"column":76}},"9":{"start":{"line":29,"column":17},"end":{"line":34,"column":3}},"10":{"start":{"line":35,"column":2},"end":{"line":35,"column":24}},"11":{"start":{"line":44,"column":0},"end":{"line":59,"column":2}},"12":{"start":{"line":45,"column":71},"end":{"line":45,"column":83}},"13":{"start":{"line":46,"column":17},"end":{"line":57,"column":3}},"14":{"start":{"line":58,"column":2},"end":{"line":58,"column":32}},"15":{"start":{"line":66,"column":0},"end":{"line":69,"column":2}},"16":{"start":{"line":67,"column":17},"end":{"line":67,"column":85}},"17":{"start":{"line":68,"column":2},"end":{"line":68,"column":32}}},"fnMap":{"0":{"name":"(anonymous_0)","decl":{"start":{"line":7,"column":17},"end":{"line":7,"column":18}},"loc":{"start":{"line":7,"column":29},"end":{"line":10,"column":1}},"line":7},"1":{"name":"(anonymous_1)","decl":{"start":{"line":17,"column":18},"end":{"line":17,"column":19}},"loc":{"start":{"line":17,"column":32},"end":{"line":20,"column":1}},"line":17},"2":{"name":"(anonymous_2)","decl":{"start":{"line":27,"column":17},"end":{"line":27,"column":18}},"loc":{"start":{"line":27,"column":34},"end":{"line":36,"column":1}},"line":27},"3":{"name":"(anonymous_3)","decl":{"start":{"line":44,"column":21},"end":{"line":44,"column":22}},"loc":{"start":{"line":44,"column":49},"end":{"line":59,"column":1}},"line":44},"4":{"name":"(anonymous_4)","decl":{"start":{"line":66,"column":21},"end":{"line":66,"column":22}},"loc":{"start":{"line":66,"column":35},"end":{"line":69,"column":1}},"line":66}},"branchMap":{"0":{"loc":{"start":{"line":19,"column":9},"end":{"line":19,"column":31}},"type":"binary-expr","locations":[{"start":{"line":19,"column":9},"end":{"line":19,"column":23}},{"start":{"line":19,"column":27},"end":{"line":19,"column":31}}],"line":19},"1":{"loc":{"start":{"line":33,"column":52},"end":{"line":33,"column":94}},"type":"cond-expr","locations":[{"start":{"line":33,"column":78},"end":{"line":33,"column":87}},{"start":{"line":33,"column":90},"end":{"line":33,"column":94}}],"line":33},"2":{"loc":{"start":{"line":58,"column":9},"end":{"line":58,"column":31}},"type":"binary-expr","locations":[{"start":{"line":58,"column":9},"end":{"line":58,"column":23}},{"start":{"line":58,"column":27},"end":{"line":58,"column":31}}],"line":58}},"s":{"0":1,"1":1,"2":2,"3":1,"4":1,"5":2,"6":2,"7":1,"8":2,"9":2,"10":1,"11":1,"12":2,"13":2,"14":2,"15":1,"16":2,"17":2},"f":{"0":2,"1":2,"2":2,"3":2,"4":2},"b":{"0":[2,1],"1":[0,2],"2":[2,1]},"_coverageSchema":"1a1c01bbd47fc00a2c39e90264f33305004495a9","hash":"fa2914f28812198b17e43b895c4d65b7df36162d"}
,"/home/runner/work/taste-of-aloha/taste-of-aloha/apps/backend/src/routes/snackRoutes.js": {"path":"/home/runner/work/taste-of-aloha/taste-of-aloha/apps/backend/src/routes/snackRoutes.js","statementMap":{"0":{"start":{"line":1,"column":16},"end":{"line":1,"column":34}},"1":{"start":{"line":2,"column":15},"end":{"line":2,"column":31}},"2":{"start":{"line":3,"column":24},"end":{"line":3,"column":65}},"3":{"start":{"line":5,"column":0},"end":{"line":5,"column":46}},"4":{"start":{"line":6,"column":0},"end":{"line":6,"column":49}},"5":{"start":{"line":7,"column":0},"end":{"line":7,"column":46}},"6":{"start":{"line":8,"column":0},"end":{"line":8,"column":48}},"7":{"start":{"line":9,"column":0},"end":{"line":9,"column":51}},"8":{"start":{"line":11,"column":0},"end":{"line":11,"column":24}}},"fnMap":{},"branchMap":{},"s":{"0":1,"1":1,"2":1,"3":1,"4":1,"5":1,"6":1,"7":1,"8":1},"f":{},"b":{},"_coverageSchema":"1a1c01bbd47fc00a2c39e90264f33305004495a9","hash":"03a7f8414d49126059ae4872757cf72c11989975"}
,"/home/runner/work/taste-of-aloha/taste-of-aloha/apps/backend/src/utils/logger.js": {"path":"/home/runner/work/taste-of-aloha/taste-of-aloha/apps/backend/src/utils/logger.js","statementMap":{"0":{"start":{"line":2,"column":0},"end":{"line":5,"column":2}},"1":{"start":{"line":3,"column":2},"end":{"line":3,"column":42}},"2":{"start":{"line":4,"column":2},"end":{"line":4,"column":9}}},"fnMap":{"0":{"name":"(anonymous_0)","decl":{"start":{"line":2,"column":17},"end":{"line":2,"column":18}},"loc":{"start":{"line":2,"column":37},"end":{"line":5,"column":1}},"line":2}},"branchMap":{},"s":{"0":0,"1":0,"2":0},"f":{"0":0},"b":{}}
}
